{"status":"error","message":"(psycopg2.OperationalError) \n(Background on this error at: https://sqlalche.me/e/20/e3q8)","db_url":"postgresql:***@db.tofyvinfxisjtuwjlzhu.supabase.co:5432/postgres","traceback":"Traceback (most recent call last):\n  File \"/var/task/_vendor/sqlalchemy/engine/base.py\", line 145, in __init__\n    self._dbapi_connection = engine.raw_connection()\n                             ^^^^^^^^^^^^^^^^^^^^^^^\n  File \"/var/task/_vendor/sqlalchemy/engine/base.py\", line 3293, in raw_connection\n    return self.pool.connect()\n           ^^^^^^^^^^^^^^^^^^^\n  File \"/var/task/_vendor/sqlalchemy/pool/base.py\", line 452, in connect\n    return _ConnectionFairy._checkout(self)\n           ^^^^^^^^^^^^^^^^^^^^^^^^^^^^^^^^\n  File \"/var/task/_vendor/sqlalchemy/pool/base.py\", line 1269, in _checkout\n    fairy = _ConnectionRecord.checkout(pool)\n            ^^^^^^^^^^^^^^^^^^^^^^^^^^^^^^^^\n  File \"/var/task/_vendor/sqlalchemy/pool/base.py\", line 716, in checkout\n    rec = pool._do_get()\n          ^^^^^^^^^^^^^^\n  File \"/var/task/_vendor/sqlalchemy/pool/impl.py\", line 284, in _do_get\n    return self._create_connection()\n           ^^^^^^^^^^^^^^^^^^^^^^^^^\n  File \"/var/task/_vendor/sqlalchemy/pool/base.py\", line 393, in _create_connection\n    return _ConnectionRecord(self)\n           ^^^^^^^^^^^^^^^^^^^^^^^\n  File \"/var/task/_vendor/sqlalchemy/pool/base.py\", line 678, in __init__\n    self.__connect()\n  File \"/var/task/_vendor/sqlalchemy/pool/base.py\", line 902, in __connect\n    with util.safe_reraise():\n         ^^^^^^^^^^^^^^^^^^^\n  File \"/var/task/_vendor/sqlalchemy/util/langhelpers.py\", line 146, in __exit__\n    raise exc_value.with_traceback(exc_tb)\n  File \"/var/task/_vendor/sqlalchemy/pool/base.py\", line 898, in __connect\n    self.dbapi_connection = connection = pool._invoke_creator(self)\n                                         ^^^^^^^^^^^^^^^^^^^^^^^^^^\n  File \"/var/task/_vendor/sqlalchemy/engine/create.py\", line 645, in connect\n    return dialect.connect(*cargs, **cparams)\n           ^^^^^^^^^^^^^^^^^^^^^^^^^^^^^^^^^^\n  File \"/var/task/_vendor/sqlalchemy/engine/default.py\", line 616, in connect\n    return self.loaded_dbapi.connect(*cargs, **cparams)\n           ^^^^^^^^^^^^^^^^^^^^^^^^^^^^^^^^^^^^^^^^^^^^\n  File \"/var/task/_vendor/psycopg2/__init__.py\", line 122, in connect\n    conn = _connect(dsn, connection_factory=connection_factory, **kwasync)\n           ^^^^^^^^^^^^^^^^^^^^^^^^^^^^^^^^^^^^^^^^^^^^^^^^^^^^^^^^^^^^^^^\npsycopg2.OperationalError\n\nThe above exception was the direct cause of the following exception:\n\nTraceback (most recent call last):\n  File \"/var/task/app/main.py\", line 70, in health_db\n    db.execute(text(\"SELECT 1\"))\n  File \"/var/task/_vendor/sqlalchemy/orm/session.py\", line 2308, in execute\n    return self._execute_internal(\n           ^^^^^^^^^^^^^^^^^^^^^^^\n  File \"/var/task/_vendor/sqlalchemy/orm/session.py\", line 2180, in _execute_internal\n    conn = self._connection_for_bind(bind)\n           ^^^^^^^^^^^^^^^^^^^^^^^^^^^^^^^\n  File \"/var/task/_vendor/sqlalchemy/orm/session.py\", line 2047, in _connection_for_bind\n    return trans._connection_for_bind(engine, execution_options)\n           ^^^^^^^^^^^^^^^^^^^^^^^^^^^^^^^^^^^^^^^^^^^^^^^^^^^^^\n  File \"<string>\", line 2, in _connection_for_bind\n  File \"/var/task/_vendor/sqlalchemy/orm/state_changes.py\", line 139, in _go\n    ret_value = fn(self, *arg, **kw)\n                ^^^^^^^^^^^^^^^^^^^^\n  File \"/var/task/_vendor/sqlalchemy/orm/session.py\", line 1143, in _connection_for_bind\n    conn = bind.connect()\n           ^^^^^^^^^^^^^^\n  File \"/var/task/_vendor/sqlalchemy/engine/base.py\", line 3269, in connect\n    return self._connection_cls(self)\n           ^^^^^^^^^^^^^^^^^^^^^^^^^^\n  File \"/var/task/_vendor/sqlalchemy/engine/base.py\", line 147, in __init__\n    Connection._handle_dbapi_exception_noconnection(\n  File \"/var/task/_vendor/sqlalchemy/engine/base.py\", line 2431, in _handle_dbapi_exception_noconnection\n    raise sqlalchemy_exception.with_traceback(exc_info[2]) from e\n  File \"/var/task/_vendor/sqlalchemy/engine/base.py\", line 145, in __init__\n    self._dbapi_connection = engine.raw_connection()\n                             ^^^^^^^^^^^^^^^^^^^^^^^\n  File \"/var/task/_vendor/sqlalchemy/engine/base.py\", line 3293, in raw_connection\n    return self.pool.connect()\n           ^^^^^^^^^^^^^^^^^^^\n  File \"/var/task/_vendor/sqlalchemy/pool/base.py\", line 452, in connect\n    return _ConnectionFairy._checkout(self)\n           ^^^^^^^^^^^^^^^^^^^^^^^^^^^^^^^^\n  File \"/var/task/_vendor/sqlalchemy/pool/base.py\", line 1269, in _checkout\n    fairy = _ConnectionRecord.checkout(pool)\n            ^^^^^^^^^^^^^^^^^^^^^^^^^^^^^^^^\n  File \"/var/task/_vendor/sqlalchemy/pool/base.py\", line 716, in checkout\n    rec = pool._do_get()\n          ^^^^^^^^^^^^^^\n  File \"/var/task/_vendor/sqlalchemy/pool/impl.py\", line 284, in _do_get\n    return self._create_connection()\n           ^^^^^^^^^^^^^^^^^^^^^^^^^\n  File \"/var/task/_vendor/sqlalchemy/pool/base.py\", line 393, in _create_connection\n    return _ConnectionRecord(self)\n           ^^^^^^^^^^^^^^^^^^^^^^^\n  File \"/var/task/_vendor/sqlalchemy/pool/base.py\", line 678, in __init__\n    self.__connect()\n  File \"/var/task/_vendor/sqlalchemy/pool/base.py\", line 902, in __connect\n    with util.safe_reraise():\n         ^^^^^^^^^^^^^^^^^^^\n  File \"/var/task/_vendor/sqlalchemy/util/langhelpers.py\", line 146, in __exit__\n    raise exc_value.with_traceback(exc_tb)\n  File \"/var/task/_vendor/sqlalchemy/pool/base.py\", line 898, in __connect\n    self.dbapi_connection = connection = pool._invoke_creator(self)\n                                         ^^^^^^^^^^^^^^^^^^^^^^^^^^\n  File \"/var/task/_vendor/sqlalchemy/engine/create.py\", line 645, in connect\n    return dialect.connect(*cargs, **cparams)\n           ^^^^^^^^^^^^^^^^^^^^^^^^^^^^^^^^^^\n  File \"/var/task/_vendor/sqlalchemy/engine/default.py\", line 616, in connect\n    return self.loaded_dbapi.connect(*cargs, **cparams)\n           ^^^^^^^^^^^^^^^^^^^^^^^^^^^^^^^^^^^^^^^^^^^^\n  File \"/var/task/_vendor/psycopg2/__init__.py\", line 122, in connect\n    conn = _connect(dsn, connection_factory=connection_factory, **kwasync)\n           ^^^^^^^^^^^^^^^^^^^^^^^^^^^^^^^^^^^^^^^^^^^^^^^^^^^^^^^^^^^^^^^\nsqlalchemy.exc.OperationalError: (psycopg2.OperationalError) \n(Background on this error at: https://sqlalche.me/e/20/e3q8)\n"}